{
  "RSpec": {
    "coverage": {
      "/Users/fieldstyler/turing/3mod/rails_engine_solo_project/rails_engine/config/environment.rb": {
        "lines": [
          null,
          1,
          null,
          null,
          1
        ]
      },
      "/Users/fieldstyler/turing/3mod/rails_engine_solo_project/rails_engine/config/application.rb": {
        "lines": [
          1,
          null,
          1,
          null,
          1,
          1,
          1,
          1,
          1,
          1,
          1,
          1,
          null,
          null,
          null,
          null,
          null,
          1,
          null,
          1,
          1,
          null,
          1,
          null,
          null,
          null,
          null,
          null,
          null,
          null,
          null,
          null,
          1,
          null,
          null
        ]
      },
      "/Users/fieldstyler/turing/3mod/rails_engine_solo_project/rails_engine/config/boot.rb": {
        "lines": [
          1,
          null,
          1,
          1
        ]
      },
      "/Users/fieldstyler/turing/3mod/rails_engine_solo_project/rails_engine/config/environments/test.rb": {
        "lines": [
          1,
          null,
          null,
          null,
          null,
          null,
          null,
          1,
          null,
          null,
          null,
          null,
          1,
          null,
          null,
          1,
          1,
          null,
          null,
          null,
          null,
          1,
          1,
          null,
          null,
          1,
          null,
          null,
          1,
          null,
          null,
          1,
          null,
          1,
          null,
          null,
          null,
          null,
          1,
          null,
          null,
          1,
          null,
          null,
          null,
          null
        ]
      },
      "/Users/fieldstyler/turing/3mod/rails_engine_solo_project/rails_engine/config/initializers/application_controller_renderer.rb": {
        "lines": [
          null,
          null,
          null,
          null,
          null,
          null,
          null,
          null
        ]
      },
      "/Users/fieldstyler/turing/3mod/rails_engine_solo_project/rails_engine/config/initializers/backtrace_silencers.rb": {
        "lines": [
          null,
          null,
          null,
          null,
          null,
          null,
          null
        ]
      },
      "/Users/fieldstyler/turing/3mod/rails_engine_solo_project/rails_engine/config/initializers/cors.rb": {
        "lines": [
          null,
          null,
          null,
          null,
          null,
          null,
          null,
          null,
          null,
          null,
          null,
          null,
          null,
          null,
          null,
          null
        ]
      },
      "/Users/fieldstyler/turing/3mod/rails_engine_solo_project/rails_engine/config/initializers/filter_parameter_logging.rb": {
        "lines": [
          null,
          null,
          null,
          1
        ]
      },
      "/Users/fieldstyler/turing/3mod/rails_engine_solo_project/rails_engine/config/initializers/inflections.rb": {
        "lines": [
          null,
          null,
          null,
          null,
          null,
          null,
          null,
          null,
          null,
          null,
          null,
          null,
          null,
          null,
          null,
          null
        ]
      },
      "/Users/fieldstyler/turing/3mod/rails_engine_solo_project/rails_engine/config/initializers/mime_types.rb": {
        "lines": [
          null,
          null,
          null,
          null
        ]
      },
      "/Users/fieldstyler/turing/3mod/rails_engine_solo_project/rails_engine/config/initializers/wrap_parameters.rb": {
        "lines": [
          null,
          null,
          null,
          null,
          null,
          null,
          1,
          2,
          null,
          null,
          null,
          null,
          null,
          null
        ]
      },
      "/Users/fieldstyler/turing/3mod/rails_engine_solo_project/rails_engine/spec/factories/customers.rb": {
        "lines": [
          1,
          1,
          1,
          1,
          1,
          1,
          null,
          null
        ]
      },
      "/Users/fieldstyler/turing/3mod/rails_engine_solo_project/rails_engine/spec/factories/invoice_items.rb": {
        "lines": [
          1,
          1,
          1,
          1,
          1,
          1,
          1,
          1,
          null,
          null
        ]
      },
      "/Users/fieldstyler/turing/3mod/rails_engine_solo_project/rails_engine/spec/factories/invoices.rb": {
        "lines": [
          1,
          1,
          1,
          1,
          1,
          1,
          1,
          null,
          null
        ]
      },
      "/Users/fieldstyler/turing/3mod/rails_engine_solo_project/rails_engine/spec/factories/items.rb": {
        "lines": [
          1,
          1,
          13,
          13,
          13,
          1,
          13,
          13,
          null,
          null
        ]
      },
      "/Users/fieldstyler/turing/3mod/rails_engine_solo_project/rails_engine/spec/factories/merchants.rb": {
        "lines": [
          1,
          1,
          15,
          15,
          15,
          null,
          null
        ]
      },
      "/Users/fieldstyler/turing/3mod/rails_engine_solo_project/rails_engine/spec/factories/transactions.rb": {
        "lines": [
          1,
          1,
          1,
          1,
          1,
          1,
          1,
          null,
          null
        ]
      },
      "/Users/fieldstyler/turing/3mod/rails_engine_solo_project/rails_engine/config/routes.rb": {
        "lines": [
          1,
          null,
          1,
          1,
          null,
          1,
          1,
          1,
          null,
          null,
          1,
          1,
          null,
          null,
          1,
          1,
          null,
          null,
          null
        ]
      },
      "/Users/fieldstyler/turing/3mod/rails_engine_solo_project/rails_engine/app/models/item.rb": {
        "lines": [
          1,
          1,
          1,
          1,
          1,
          1,
          1,
          1,
          1,
          1,
          null,
          1,
          null,
          null,
          null,
          null,
          null,
          0,
          null,
          null
        ]
      },
      "/Users/fieldstyler/turing/3mod/rails_engine_solo_project/rails_engine/app/models/application_record.rb": {
        "lines": [
          1,
          1,
          null
        ]
      },
      "/Users/fieldstyler/turing/3mod/rails_engine_solo_project/rails_engine/app/models/merchant.rb": {
        "lines": [
          1,
          1,
          1,
          1,
          null,
          1,
          1,
          null
        ]
      },
      "/Users/fieldstyler/turing/3mod/rails_engine_solo_project/rails_engine/app/controllers/api/v1/items_controller.rb": {
        "lines": [
          1,
          null,
          1,
          1,
          null,
          null,
          1,
          1,
          null,
          null,
          1,
          1,
          null,
          null,
          1,
          1,
          null,
          null,
          1,
          1,
          null,
          null,
          1,
          null,
          1,
          2,
          null,
          null,
          null
        ]
      },
      "/Users/fieldstyler/turing/3mod/rails_engine_solo_project/rails_engine/app/controllers/application_controller.rb": {
        "lines": [
          1,
          null
        ]
      },
      "/Users/fieldstyler/turing/3mod/rails_engine_solo_project/rails_engine/app/serializers/item_serializer.rb": {
        "lines": [
          1,
          1,
          null,
          1,
          null,
          1,
          1,
          null
        ]
      },
      "/Users/fieldstyler/turing/3mod/rails_engine_solo_project/rails_engine/app/models/invoice_item.rb": {
        "lines": [
          1,
          1,
          1,
          1,
          1,
          1,
          1,
          null,
          1,
          1,
          null
        ]
      },
      "/Users/fieldstyler/turing/3mod/rails_engine_solo_project/rails_engine/app/models/invoice.rb": {
        "lines": [
          1,
          1,
          1,
          1,
          1,
          1,
          null,
          1,
          1,
          1,
          1,
          1,
          null,
          1,
          null,
          null,
          null,
          null,
          null,
          0,
          null,
          null,
          null
        ]
      },
      "/Users/fieldstyler/turing/3mod/rails_engine_solo_project/rails_engine/app/controllers/api/v1/items/merchants_controller.rb": {
        "lines": [
          1,
          null,
          1,
          1,
          1,
          1,
          null,
          null,
          null
        ]
      },
      "/Users/fieldstyler/turing/3mod/rails_engine_solo_project/rails_engine/app/serializers/merchant_serializer.rb": {
        "lines": [
          1,
          1,
          null,
          1,
          null,
          1,
          1,
          null
        ]
      },
      "/Users/fieldstyler/turing/3mod/rails_engine_solo_project/rails_engine/app/controllers/api/v1/items/find_controller.rb": {
        "lines": [
          1,
          null,
          1,
          4,
          null,
          null,
          1,
          null,
          1,
          4,
          null,
          null
        ]
      }
    },
    "timestamp": 1603399463
  }
}
